============================= test session starts ==============================
platform darwin -- Python 3.8.2, pytest-7.1.3, pluggy-1.0.0 -- /Users/akimkalenuk/PycharmProjects/pythonProject/venv/bin/python
cachedir: .pytest_cache
rootdir: /Users/akimkalenuk/Downloads/HW_Test_Python_AAA/issue_4
collecting ... collected 2 items

one_hot_encoding_pytest.py::test_one_word PASSED                         [ 50%]
one_hot_encoding_pytest.py::test_empty_list FAILED                       [100%]

=================================== FAILURES ===================================
_______________________________ test_empty_list ________________________________

    def test_empty_list():
        cities = []
        with pytest.raises(TypeError):
>           fit_transform(cities)
E           Failed: DID NOT RAISE <class 'TypeError'>

one_hot_encoding_pytest.py:30: Failed
=========================== short test summary info ============================
FAILED one_hot_encoding_pytest.py::test_empty_list - Failed: DID NOT RAISE <c...
========================= 1 failed, 1 passed in 0.05s ==========================
