============================= test session starts ==============================
platform darwin -- Python 3.8.2, pytest-7.1.3, pluggy-1.0.0 -- /Users/akimkalenuk/PycharmProjects/pythonProject/venv/bin/python
cachedir: .pytest_cache
rootdir: /Users/akimkalenuk/Downloads/HW_Test_Python_AAA/issue_2
collecting ... collected 3 items

decode_test_parametric.py::test_decode[... --- ...-SOS] PASSED           [ 33%]
decode_test_parametric.py::test_decode[.... ..-HI] PASSED                [ 66%]
decode_test_parametric.py::test_decode[-.. --- --.-CAT] FAILED           [100%]

=================================== FAILURES ===================================
_________________________ test_decode[-.. --- --.-CAT] _________________________

source_string = '-.. --- --.', result = 'CAT'

    @pytest.mark.parametrize(
        'source_string, result',
        [
            ('... --- ...', 'SOS'),
            ('.... ..', 'HI'),
            ('-.. --- --.', 'CAT'),
        ],
    )
    def test_decode(source_string, result):
>       assert decode(source_string) == result
E       AssertionError: assert 'DOG' == 'CAT'
E         - CAT
E         + DOG

decode_test_parametric.py:14: AssertionError
=========================== short test summary info ============================
FAILED decode_test_parametric.py::test_decode[-.. --- --.-CAT] - AssertionErr...
========================= 1 failed, 2 passed in 0.03s ==========================
